2022-01-05 18:55:57   Arguments: Namespace(cache_refresh_rate=1000, datasets_folder='/content/pitts30k/pitts30k', device='cuda', epochs_num=50, exp_name='default', infer_batch_size=16, lr=1e-05, margin=0.1, neg_samples_num=1000, negs_num_per_query=10, num_workers=8, output_folder='runs/default/2022-01-05_18-55-57', patience=3, queries_per_epoch=5000, recall_values=[1, 5, 10, 20], seed=0, train_batch_size=4, train_positives_dist_threshold=10, val_positive_dist_threshold=25)
2022-01-05 18:55:57   The outputs are being saved in runs/default/2022-01-05_18-55-57
2022-01-05 18:55:57   Using 1 GPUs and 2 CPUs
2022-01-05 18:55:57   Loading dataset Pitts30k from folder /content/pitts30k/pitts30k
2022-01-05 18:55:57   There are 96 queries without any positives within the training set. They won't be considered as they're useless for training.
2022-01-05 18:55:57   Train query set: < TripletsDataset, pitts30k - #database: 10000; #queries: 7320 >
2022-01-05 18:55:57   Val set: < BaseDataset, pitts30k - #database: 10000; #queries: 7608 >
2022-01-05 18:55:58   Test set: < BaseDataset, pitts30k - #database: 10000; #queries: 6816 >
2022-01-05 18:55:58   Train only conv4 of the ResNet-18 (remove conv5), freeze the previous ones
2022-01-05 18:56:00   Output dimension of the model is 256
2022-01-05 18:56:00   Start training epoch: 00
2022-01-05 18:56:00   Cache: 0 / 5
2022-01-05 19:01:41   Epoch[00](0/5): current batch triplet loss = 0.0778, average epoch triplet loss = 0.0615
2022-01-05 19:01:41   Cache: 1 / 5
2022-01-05 19:07:29   Epoch[00](1/5): current batch triplet loss = 0.0636, average epoch triplet loss = 0.0611
2022-01-05 19:07:29   Cache: 2 / 5
2022-01-05 19:13:13   Epoch[00](2/5): current batch triplet loss = 0.0620, average epoch triplet loss = 0.0592
2022-01-05 19:13:13   Cache: 3 / 5
2022-01-05 19:18:56   Epoch[00](3/5): current batch triplet loss = 0.0611, average epoch triplet loss = 0.0581
2022-01-05 19:18:56   Cache: 4 / 5
2022-01-05 19:24:41   Epoch[00](4/5): current batch triplet loss = 0.0541, average epoch triplet loss = 0.0575
2022-01-05 19:24:41   Finished epoch 00 in 0:28:41, average epoch triplet loss = 0.0575
2022-01-05 19:24:41   Extracting database features for evaluation/testing
2022-01-05 19:27:26   Extracting queries features for evaluation/testing
2022-01-05 19:29:32   Calculating recalls
2022-01-05 19:29:34   Recalls on val set < BaseDataset, pitts30k - #database: 10000; #queries: 7608 >: R@1: 63.4, R@5: 81.8, R@10: 87.9, R@20: 92.6
2022-01-05 19:29:34   Improved: previous best R@5 = 0.0, current R@5 = 81.8
2022-01-05 19:29:34   Start training epoch: 01
2022-01-05 19:29:34   Cache: 0 / 5
2022-01-05 19:35:18   Epoch[01](0/5): current batch triplet loss = 0.0357, average epoch triplet loss = 0.0528
2022-01-05 19:35:18   Cache: 1 / 5
2022-01-05 19:41:00   Epoch[01](1/5): current batch triplet loss = 0.0459, average epoch triplet loss = 0.0525
2022-01-05 19:41:00   Cache: 2 / 5
2022-01-05 19:46:41   Epoch[01](2/5): current batch triplet loss = 0.0896, average epoch triplet loss = 0.0522
2022-01-05 19:46:41   Cache: 3 / 5
2022-01-05 19:52:24   Epoch[01](3/5): current batch triplet loss = 0.0714, average epoch triplet loss = 0.0529
2022-01-05 19:52:24   Cache: 4 / 5
2022-01-05 19:58:13   Epoch[01](4/5): current batch triplet loss = 0.0823, average epoch triplet loss = 0.0530
2022-01-05 19:58:13   Finished epoch 01 in 0:28:38, average epoch triplet loss = 0.0530
2022-01-05 19:58:13   Extracting database features for evaluation/testing
2022-01-05 20:00:59   Extracting queries features for evaluation/testing
2022-01-05 20:03:07   Calculating recalls
2022-01-05 20:03:09   Recalls on val set < BaseDataset, pitts30k - #database: 10000; #queries: 7608 >: R@1: 68.5, R@5: 85.4, R@10: 90.8, R@20: 94.4
2022-01-05 20:03:09   Improved: previous best R@5 = 81.8, current R@5 = 85.4
2022-01-05 20:03:09   Start training epoch: 02
2022-01-05 20:03:09   Cache: 0 / 5
2022-01-05 20:08:54   Epoch[02](0/5): current batch triplet loss = 0.0461, average epoch triplet loss = 0.0509
2022-01-05 20:08:54   Cache: 1 / 5
2022-01-05 20:14:38   Epoch[02](1/5): current batch triplet loss = 0.0678, average epoch triplet loss = 0.0513
2022-01-05 20:14:38   Cache: 2 / 5
2022-01-05 20:20:17   Epoch[02](2/5): current batch triplet loss = 0.0195, average epoch triplet loss = 0.0509
2022-01-05 20:20:17   Cache: 3 / 5
2022-01-05 20:25:44   Epoch[02](3/5): current batch triplet loss = 0.0367, average epoch triplet loss = 0.0504
2022-01-05 20:25:44   Cache: 4 / 5
2022-01-05 20:31:09   Epoch[02](4/5): current batch triplet loss = 0.0882, average epoch triplet loss = 0.0500
2022-01-05 20:31:09   Finished epoch 02 in 0:28:00, average epoch triplet loss = 0.0500
2022-01-05 20:31:09   Extracting database features for evaluation/testing
2022-01-05 20:33:53   Extracting queries features for evaluation/testing
2022-01-05 20:35:59   Calculating recalls
2022-01-05 20:36:01   Recalls on val set < BaseDataset, pitts30k - #database: 10000; #queries: 7608 >: R@1: 71.4, R@5: 87.5, R@10: 92.0, R@20: 95.1
2022-01-05 20:36:01   Improved: previous best R@5 = 85.4, current R@5 = 87.5
2022-01-05 20:36:01   Start training epoch: 03
2022-01-05 20:36:01   Cache: 0 / 5
2022-01-05 20:41:27   Epoch[03](0/5): current batch triplet loss = 0.0267, average epoch triplet loss = 0.0460
2022-01-05 20:41:27   Cache: 1 / 5
2022-01-05 20:46:52   Epoch[03](1/5): current batch triplet loss = 0.0642, average epoch triplet loss = 0.0482
2022-01-05 20:46:52   Cache: 2 / 5
2022-01-05 20:52:22   Epoch[03](2/5): current batch triplet loss = 0.0466, average epoch triplet loss = 0.0494
2022-01-05 20:52:22   Cache: 3 / 5
2022-01-05 20:58:04   Epoch[03](3/5): current batch triplet loss = 0.0731, average epoch triplet loss = 0.0496
2022-01-05 20:58:04   Cache: 4 / 5
2022-01-05 21:03:47   Epoch[03](4/5): current batch triplet loss = 0.0897, average epoch triplet loss = 0.0500
2022-01-05 21:03:47   Finished epoch 03 in 0:27:45, average epoch triplet loss = 0.0500
2022-01-05 21:03:47   Extracting database features for evaluation/testing
2022-01-05 21:06:31   Extracting queries features for evaluation/testing
2022-01-05 21:08:35   Calculating recalls
2022-01-05 21:08:36   Recalls on val set < BaseDataset, pitts30k - #database: 10000; #queries: 7608 >: R@1: 72.9, R@5: 88.0, R@10: 92.6, R@20: 95.3
2022-01-05 21:08:37   Improved: previous best R@5 = 87.5, current R@5 = 88.0
2022-01-05 21:08:37   Start training epoch: 04
2022-01-05 21:08:37   Cache: 0 / 5
2022-01-05 21:14:15   Epoch[04](0/5): current batch triplet loss = 0.0447, average epoch triplet loss = 0.0493
2022-01-05 21:14:15   Cache: 1 / 5
2022-01-05 21:19:52   Epoch[04](1/5): current batch triplet loss = 0.0746, average epoch triplet loss = 0.0489
2022-01-05 21:19:52   Cache: 2 / 5
2022-01-05 21:25:30   Epoch[04](2/5): current batch triplet loss = 0.0903, average epoch triplet loss = 0.0499
2022-01-05 21:25:30   Cache: 3 / 5
2022-01-05 21:31:06   Epoch[04](3/5): current batch triplet loss = 0.0580, average epoch triplet loss = 0.0497
2022-01-05 21:31:06   Cache: 4 / 5
2022-01-05 21:36:45   Epoch[04](4/5): current batch triplet loss = 0.0485, average epoch triplet loss = 0.0494
2022-01-05 21:36:45   Finished epoch 04 in 0:28:08, average epoch triplet loss = 0.0494
2022-01-05 21:36:45   Extracting database features for evaluation/testing
2022-01-05 21:39:26   Extracting queries features for evaluation/testing
2022-01-05 21:41:30   Calculating recalls
2022-01-05 21:41:31   Recalls on val set < BaseDataset, pitts30k - #database: 10000; #queries: 7608 >: R@1: 74.2, R@5: 88.9, R@10: 93.3, R@20: 95.9
2022-01-05 21:41:32   Improved: previous best R@5 = 88.0, current R@5 = 88.9
2022-01-05 21:41:32   Start training epoch: 05
2022-01-05 21:41:32   Cache: 0 / 5
2022-01-05 21:47:10   Epoch[05](0/5): current batch triplet loss = 0.0394, average epoch triplet loss = 0.0502
2022-01-05 21:47:10   Cache: 1 / 5
2022-01-05 21:52:46   Epoch[05](1/5): current batch triplet loss = 0.0457, average epoch triplet loss = 0.0490
2022-01-05 21:52:46   Cache: 2 / 5
2022-01-05 21:58:21   Epoch[05](2/5): current batch triplet loss = 0.0298, average epoch triplet loss = 0.0497
2022-01-05 21:58:21   Cache: 3 / 5
2022-01-05 22:03:59   Epoch[05](3/5): current batch triplet loss = 0.0173, average epoch triplet loss = 0.0489
2022-01-05 22:03:59   Cache: 4 / 5
2022-01-05 22:09:39   Epoch[05](4/5): current batch triplet loss = 0.0327, average epoch triplet loss = 0.0482
2022-01-05 22:09:39   Finished epoch 05 in 0:28:06, average epoch triplet loss = 0.0482
2022-01-05 22:09:39   Extracting database features for evaluation/testing
2022-01-05 22:12:21   Extracting queries features for evaluation/testing
2022-01-05 22:14:25   Calculating recalls
2022-01-05 22:14:26   Recalls on val set < BaseDataset, pitts30k - #database: 10000; #queries: 7608 >: R@1: 74.4, R@5: 89.4, R@10: 93.5, R@20: 96.1
2022-01-05 22:14:27   Improved: previous best R@5 = 88.9, current R@5 = 89.4
2022-01-05 22:14:27   Start training epoch: 06
2022-01-05 22:14:27   Cache: 0 / 5
2022-01-05 22:20:00   Epoch[06](0/5): current batch triplet loss = 0.0453, average epoch triplet loss = 0.0467
2022-01-05 22:20:00   Cache: 1 / 5
2022-01-05 22:25:36   Epoch[06](1/5): current batch triplet loss = 0.0238, average epoch triplet loss = 0.0473
2022-01-05 22:25:36   Cache: 2 / 5
2022-01-05 22:31:16   Epoch[06](2/5): current batch triplet loss = 0.0277, average epoch triplet loss = 0.0468
2022-01-05 22:31:16   Cache: 3 / 5
2022-01-05 22:36:53   Epoch[06](3/5): current batch triplet loss = 0.0239, average epoch triplet loss = 0.0470
2022-01-05 22:36:53   Cache: 4 / 5
2022-01-05 22:42:29   Epoch[06](4/5): current batch triplet loss = 0.0195, average epoch triplet loss = 0.0468
2022-01-05 22:42:29   Finished epoch 06 in 0:28:02, average epoch triplet loss = 0.0468
2022-01-05 22:42:29   Extracting database features for evaluation/testing
2022-01-05 22:45:11   Extracting queries features for evaluation/testing
2022-01-05 22:47:14   Calculating recalls
2022-01-05 22:47:15   Recalls on val set < BaseDataset, pitts30k - #database: 10000; #queries: 7608 >: R@1: 75.0, R@5: 89.9, R@10: 93.8, R@20: 96.1
2022-01-05 22:47:16   Improved: previous best R@5 = 89.4, current R@5 = 89.9
2022-01-05 22:47:16   Start training epoch: 07
2022-01-05 22:47:16   Cache: 0 / 5
2022-01-05 22:52:52   Epoch[07](0/5): current batch triplet loss = 0.0582, average epoch triplet loss = 0.0492
2022-01-05 22:52:52   Cache: 1 / 5
2022-01-05 22:58:29   Epoch[07](1/5): current batch triplet loss = 0.0192, average epoch triplet loss = 0.0467
2022-01-05 22:58:29   Cache: 2 / 5
2022-01-05 23:04:07   Epoch[07](2/5): current batch triplet loss = 0.0377, average epoch triplet loss = 0.0471
2022-01-05 23:04:07   Cache: 3 / 5
2022-01-05 23:09:43   Epoch[07](3/5): current batch triplet loss = 0.0486, average epoch triplet loss = 0.0473
2022-01-05 23:09:43   Cache: 4 / 5
2022-01-05 23:15:26   Epoch[07](4/5): current batch triplet loss = 0.0157, average epoch triplet loss = 0.0467
2022-01-05 23:15:26   Finished epoch 07 in 0:28:09, average epoch triplet loss = 0.0467
2022-01-05 23:15:26   Extracting database features for evaluation/testing
2022-01-05 23:18:07   Extracting queries features for evaluation/testing
2022-01-05 23:20:12   Calculating recalls
2022-01-05 23:20:13   Recalls on val set < BaseDataset, pitts30k - #database: 10000; #queries: 7608 >: R@1: 75.6, R@5: 90.2, R@10: 94.1, R@20: 96.6
2022-01-05 23:20:14   Improved: previous best R@5 = 89.9, current R@5 = 90.2
2022-01-05 23:20:14   Start training epoch: 08
2022-01-05 23:20:14   Cache: 0 / 5
2022-01-05 23:25:54   Epoch[08](0/5): current batch triplet loss = 0.0413, average epoch triplet loss = 0.0471
2022-01-05 23:25:54   Cache: 1 / 5
2022-01-05 23:31:38   Epoch[08](1/5): current batch triplet loss = 0.0798, average epoch triplet loss = 0.0479
2022-01-05 23:31:38   Cache: 2 / 5
2022-01-05 23:37:26   Epoch[08](2/5): current batch triplet loss = 0.0374, average epoch triplet loss = 0.0477
2022-01-05 23:37:26   Cache: 3 / 5
2022-01-05 23:43:08   Epoch[08](3/5): current batch triplet loss = 0.0429, average epoch triplet loss = 0.0475
2022-01-05 23:43:08   Cache: 4 / 5
2022-01-05 23:48:49   Epoch[08](4/5): current batch triplet loss = 0.0662, average epoch triplet loss = 0.0475
2022-01-05 23:48:49   Finished epoch 08 in 0:28:34, average epoch triplet loss = 0.0475
2022-01-05 23:48:49   Extracting database features for evaluation/testing
2022-01-05 23:51:32   Extracting queries features for evaluation/testing
2022-01-05 23:53:39   Calculating recalls
2022-01-05 23:53:40   Recalls on val set < BaseDataset, pitts30k - #database: 10000; #queries: 7608 >: R@1: 76.2, R@5: 90.4, R@10: 93.9, R@20: 96.4
2022-01-05 23:53:41   Improved: previous best R@5 = 90.2, current R@5 = 90.4
2022-01-05 23:53:41   Start training epoch: 09
2022-01-05 23:53:41   Cache: 0 / 5
2022-01-05 23:59:37   Epoch[09](0/5): current batch triplet loss = 0.0491, average epoch triplet loss = 0.0465
2022-01-05 23:59:37   Cache: 1 / 5
2022-01-06 00:05:26   Epoch[09](1/5): current batch triplet loss = 0.0406, average epoch triplet loss = 0.0456
2022-01-06 00:05:26   Cache: 2 / 5
2022-01-06 00:11:05   Epoch[09](2/5): current batch triplet loss = 0.0278, average epoch triplet loss = 0.0459
2022-01-06 00:11:05   Cache: 3 / 5
2022-01-06 00:16:49   Epoch[09](3/5): current batch triplet loss = 0.0347, average epoch triplet loss = 0.0458
2022-01-06 00:16:49   Cache: 4 / 5
2022-01-06 00:22:33   Epoch[09](4/5): current batch triplet loss = 0.0506, average epoch triplet loss = 0.0457
2022-01-06 00:22:33   Finished epoch 09 in 0:28:52, average epoch triplet loss = 0.0457
2022-01-06 00:22:33   Extracting database features for evaluation/testing
2022-01-06 00:25:17   Extracting queries features for evaluation/testing
2022-01-06 00:27:24   Calculating recalls
2022-01-06 00:27:26   Recalls on val set < BaseDataset, pitts30k - #database: 10000; #queries: 7608 >: R@1: 76.1, R@5: 90.6, R@10: 94.1, R@20: 96.6
2022-01-06 00:27:26   Improved: previous best R@5 = 90.4, current R@5 = 90.6
2022-01-06 00:27:26   Start training epoch: 10
2022-01-06 00:27:26   Cache: 0 / 5
